0 info it worked if it ends with ok
1 verbose cli [ '/Users/miguelangel.duran/.nvm/versions/node/v4.3.0/bin/node',
1 verbose cli   '/Users/miguelangel.duran/.nvm/versions/node/v4.3.0/bin/npm',
1 verbose cli   'run',
1 verbose cli   'test' ]
2 info using npm@3.7.3
3 info using node@v4.3.0
4 verbose run-script [ 'pretest', 'test', 'posttest' ]
5 info lifecycle s3-folder-upload@0.0.1~pretest: s3-folder-upload@0.0.1
6 silly lifecycle s3-folder-upload@0.0.1~pretest: no script for pretest, continuing
7 info lifecycle s3-folder-upload@0.0.1~test: s3-folder-upload@0.0.1
8 verbose lifecycle s3-folder-upload@0.0.1~test: unsafe-perm in lifecycle true
9 verbose lifecycle s3-folder-upload@0.0.1~test: PATH: /Users/miguelangel.duran/.nvm/versions/node/v4.3.0/lib/node_modules/npm/bin/node-gyp-bin:/Users/miguelangel.duran/developer/s3-folder-upload/node_modules/.bin:/Users/miguelangel.duran/.nvm/versions/node/v4.3.0/bin:/Users/miguelangel.duran/.nvm/versions/node/v4.3.0/bin:/usr/local/bin:/usr/bin:/bin:/usr/sbin:/sbin
10 verbose lifecycle s3-folder-upload@0.0.1~test: CWD: /Users/miguelangel.duran/developer/s3-folder-upload
11 silly lifecycle s3-folder-upload@0.0.1~test: Args: [ '-c', 'ava' ]
12 silly lifecycle s3-folder-upload@0.0.1~test: Returned: code: 1  signal: null
13 info lifecycle s3-folder-upload@0.0.1~test: Failed to exec test script
14 verbose stack Error: s3-folder-upload@0.0.1 test: `ava`
14 verbose stack Exit status 1
14 verbose stack     at EventEmitter.<anonymous> (/Users/miguelangel.duran/.nvm/versions/node/v4.3.0/lib/node_modules/npm/lib/utils/lifecycle.js:239:16)
14 verbose stack     at emitTwo (events.js:87:13)
14 verbose stack     at EventEmitter.emit (events.js:172:7)
14 verbose stack     at ChildProcess.<anonymous> (/Users/miguelangel.duran/.nvm/versions/node/v4.3.0/lib/node_modules/npm/lib/utils/spawn.js:24:14)
14 verbose stack     at emitTwo (events.js:87:13)
14 verbose stack     at ChildProcess.emit (events.js:172:7)
14 verbose stack     at maybeClose (internal/child_process.js:821:16)
14 verbose stack     at Process.ChildProcess._handle.onexit (internal/child_process.js:211:5)
15 verbose pkgid s3-folder-upload@0.0.1
16 verbose cwd /Users/miguelangel.duran/developer/s3-folder-upload
17 error Darwin 15.6.0
18 error argv "/Users/miguelangel.duran/.nvm/versions/node/v4.3.0/bin/node" "/Users/miguelangel.duran/.nvm/versions/node/v4.3.0/bin/npm" "run" "test"
19 error node v4.3.0
20 error npm  v3.7.3
21 error code ELIFECYCLE
22 error s3-folder-upload@0.0.1 test: `ava`
22 error Exit status 1
23 error Failed at the s3-folder-upload@0.0.1 test script 'ava'.
23 error Make sure you have the latest version of node.js and npm installed.
23 error If you do, this is most likely a problem with the s3-folder-upload package,
23 error not with npm itself.
23 error Tell the author that this fails on your system:
23 error     ava
23 error You can get information on how to open an issue for this project with:
23 error     npm bugs s3-folder-upload
23 error Or if that isn't available, you can get their info via:
23 error     npm owner ls s3-folder-upload
23 error There is likely additional logging output above.
24 verbose exit [ 1, true ]
